<?xml version="1.0" encoding="UTF-8"?>
<testng-results ignored="0" total="3" passed="3" failed="0" skipped="0">
  <reporter-output>
  </reporter-output>
  <suite started-at="2024-03-03T11:25:28 IST" name="Orange HRM Automation Testcases" finished-at="2024-03-03T11:25:47 IST" duration-ms="19083">
    <groups>
    </groups>
    <test started-at="2024-03-03T11:25:28 IST" name="Login with Valid Credentials Test Case" finished-at="2024-03-03T11:25:32 IST" duration-ms="3753">
      <class name="AutomationTestScripts.IsAdminModuleDisplayed">
        <test-method is-config="true" signature="login()[pri:0, instance:AutomationTestScripts.IsAdminModuleDisplayed@36bc55de]" started-at="2024-03-03T11:25:28 IST" name="login" finished-at="2024-03-03T11:25:30 IST" duration-ms="1884" status="PASS">
          <reporter-output>
          </reporter-output>
        </test-method> <!-- login -->
        <test-method signature="isadminModuleDisplayed()[pri:0, instance:AutomationTestScripts.IsAdminModuleDisplayed@36bc55de]" started-at="2024-03-03T11:25:30 IST" name="isadminModuleDisplayed" finished-at="2024-03-03T11:25:30 IST" duration-ms="426" status="PASS">
          <reporter-output>
          </reporter-output>
        </test-method> <!-- isadminModuleDisplayed -->
        <test-method is-config="true" signature="logout()[pri:0, instance:AutomationTestScripts.IsAdminModuleDisplayed@36bc55de]" started-at="2024-03-03T11:25:30 IST" name="logout" finished-at="2024-03-03T11:25:32 IST" duration-ms="1405" status="PASS">
          <reporter-output>
          </reporter-output>
        </test-method> <!-- logout -->
      </class> <!-- AutomationTestScripts.IsAdminModuleDisplayed -->
    </test> <!-- Login with Valid Credentials Test Case -->
    <test started-at="2024-03-03T11:25:32 IST" name="Add Employee Test Case" finished-at="2024-03-03T11:25:47 IST" duration-ms="15278">
      <class name="AutomationTestScripts.AddEmployeeTestcase">
        <test-method is-config="true" signature="invokeApp()[pri:0, instance:AutomationTestScripts.AddEmployeeTestcase@5c6648b0]" started-at="2024-03-03T11:25:23 IST" name="invokeApp" finished-at="2024-03-03T11:25:28 IST" duration-ms="4429" status="PASS">
          <reporter-output>
          </reporter-output>
        </test-method> <!-- invokeApp -->
        <test-method is-config="true" signature="login()[pri:0, instance:AutomationTestScripts.AddEmployeeTestcase@5c6648b0]" started-at="2024-03-03T11:25:32 IST" name="login" finished-at="2024-03-03T11:25:32 IST" duration-ms="560" status="PASS">
          <reporter-output>
          </reporter-output>
        </test-method> <!-- login -->
        <test-method signature="addEmployee()[pri:1, instance:AutomationTestScripts.AddEmployeeTestcase@5c6648b0]" started-at="2024-03-03T11:25:32 IST" name="addEmployee" finished-at="2024-03-03T11:25:42 IST" duration-ms="10194" status="PASS">
          <reporter-output>
          </reporter-output>
        </test-method> <!-- addEmployee -->
        <test-method signature="searchEmp()[pri:2, instance:AutomationTestScripts.AddEmployeeTestcase@5c6648b0]" started-at="2024-03-03T11:25:42 IST" name="searchEmp" finished-at="2024-03-03T11:25:46 IST" duration-ms="3506" status="PASS">
          <reporter-output>
          </reporter-output>
        </test-method> <!-- searchEmp -->
        <test-method is-config="true" signature="logout()[pri:0, instance:AutomationTestScripts.AddEmployeeTestcase@5c6648b0]" started-at="2024-03-03T11:25:46 IST" name="logout" finished-at="2024-03-03T11:25:47 IST" duration-ms="1008" status="PASS">
          <reporter-output>
          </reporter-output>
        </test-method> <!-- logout -->
        <test-method is-config="true" signature="closeApp()[pri:0, instance:AutomationTestScripts.AddEmployeeTestcase@5c6648b0]" started-at="2024-03-03T11:25:47 IST" name="closeApp" finished-at="2024-03-03T11:25:47 IST" duration-ms="198" status="PASS">
          <reporter-output>
          </reporter-output>
        </test-method> <!-- closeApp -->
      </class> <!-- AutomationTestScripts.AddEmployeeTestcase -->
    </test> <!-- Add Employee Test Case -->
  </suite> <!-- Orange HRM Automation Testcases -->
</testng-results>
