<?xml version="1.0" encoding="UTF-8"?>
<testng-results ignored="0" total="1" passed="1" failed="0" skipped="0">
  <reporter-output>
  </reporter-output>
  <suite started-at="2024-03-05T10:05:08 IST" name="QedgeTechnologies- Orange HRM Test Cases" finished-at="2024-03-05T10:05:13 IST" duration-ms="4411">
    <groups>
    </groups>
    <test started-at="2024-03-05T10:05:08 IST" name="Check Employee records Test Case" finished-at="2024-03-05T10:05:13 IST" duration-ms="4411">
      <class name="TestCases.UserManagement">
        <test-method is-config="true" signature="invokeApp()[pri:0, instance:TestCases.UserManagement@4218d6a3]" started-at="2024-03-05T10:05:06 IST" name="invokeApp" finished-at="2024-03-05T10:05:08 IST" duration-ms="2404" status="PASS">
          <reporter-output>
          </reporter-output>
        </test-method> <!-- invokeApp -->
        <test-method is-config="true" signature="login()[pri:0, instance:TestCases.UserManagement@4218d6a3]" started-at="2024-03-05T10:05:08 IST" name="login" finished-at="2024-03-05T10:05:10 IST" duration-ms="1281" status="PASS">
          <reporter-output>
          </reporter-output>
        </test-method> <!-- login -->
        <test-method signature="CheckEmployeeAsUser()[pri:0, instance:TestCases.UserManagement@4218d6a3]" started-at="2024-03-05T10:05:10 IST" name="CheckEmployeeAsUser" finished-at="2024-03-05T10:05:12 IST" duration-ms="2575" status="PASS">
          <reporter-output>
          </reporter-output>
        </test-method> <!-- CheckEmployeeAsUser -->
        <test-method is-config="true" signature="logout()[pri:0, instance:TestCases.UserManagement@4218d6a3]" started-at="2024-03-05T10:05:12 IST" name="logout" finished-at="2024-03-05T10:05:13 IST" duration-ms="502" status="PASS">
          <reporter-output>
          </reporter-output>
        </test-method> <!-- logout -->
        <test-method is-config="true" signature="closeApp()[pri:0, instance:TestCases.UserManagement@4218d6a3]" started-at="2024-03-05T10:05:13 IST" name="closeApp" finished-at="2024-03-05T10:05:13 IST" duration-ms="179" status="PASS">
          <reporter-output>
          </reporter-output>
        </test-method> <!-- closeApp -->
      </class> <!-- TestCases.UserManagement -->
    </test> <!-- Check Employee records Test Case -->
  </suite> <!-- QedgeTechnologies- Orange HRM Test Cases -->
</testng-results>
