<?xml version="1.0" encoding="UTF-8"?>
<testng-results ignored="0" total="4" passed="4" failed="0" skipped="0">
  <reporter-output>
  </reporter-output>
  <suite started-at="2024-03-08T19:46:41 IST" name="Flight Reservation Test Suite" finished-at="2024-03-08T19:47:43 IST" duration-ms="61573">
    <groups>
      <group name="cucumber">
        <method signature="AbstractTestNGCucumberTests.runScenario(io.cucumber.testng.PickleWrapper,io.cucumber.testng.FeatureWrapper)[pri:0, instance:TestRunners.CheckFlightDateTest@48f2bd5b]" name="runScenario" class="io.cucumber.testng.AbstractTestNGCucumberTests"/>
        <method signature="AbstractTestNGCucumberTests.runScenario(io.cucumber.testng.PickleWrapper,io.cucumber.testng.FeatureWrapper)[pri:0, instance:TestRunners.CheckLogin@3b69e7d1]" name="runScenario" class="io.cucumber.testng.AbstractTestNGCucumberTests"/>
        <method signature="AbstractTestNGCucumberTests.runScenario(io.cucumber.testng.PickleWrapper,io.cucumber.testng.FeatureWrapper)[pri:0, instance:TestRunners.SearchFlightsTest@1573f9fc]" name="runScenario" class="io.cucumber.testng.AbstractTestNGCucumberTests"/>
        <method signature="AbstractTestNGCucumberTests.runScenario(io.cucumber.testng.PickleWrapper,io.cucumber.testng.FeatureWrapper)[pri:0, instance:TestRunners.SelectFlightRoute@6a78afa0]" name="runScenario" class="io.cucumber.testng.AbstractTestNGCucumberTests"/>
      </group> <!-- cucumber -->
    </groups>
    <test started-at="2024-03-08T19:46:41 IST" name="Select Flight Date" finished-at="2024-03-08T19:46:56 IST" duration-ms="14630">
      <class name="TestRunners.CheckFlightDateTest">
        <test-method is-config="true" signature="setUpClass(org.testng.ITestContext)[pri:0, instance:TestRunners.CheckFlightDateTest@48f2bd5b]" started-at="2024-03-08T19:46:41 IST" name="setUpClass" finished-at="2024-03-08T19:46:42 IST" duration-ms="627" status="PASS">
          <params>
            <param index="0">
              <value>
                <![CDATA[org.testng.TestRunner@1d805aa1]]>
              </value>
            </param>
          </params>
          <reporter-output>
          </reporter-output>
        </test-method> <!-- setUpClass -->
        <test-method signature="runScenario(io.cucumber.testng.PickleWrapper,io.cucumber.testng.FeatureWrapper)[pri:0, instance:TestRunners.CheckFlightDateTest@48f2bd5b]" started-at="2024-03-08T19:46:42 IST" name="runScenario" description="Runs Cucumber Scenarios" data-provider="scenarios" finished-at="2024-03-08T19:46:56 IST" duration-ms="13913" status="PASS">
          <params>
            <param index="0">
              <value>
                <![CDATA["Check flight Reservation Date Test Case"]]>
              </value>
            </param>
            <param index="1">
              <value>
                <![CDATA["Select Flight Reservation Date"]]>
              </value>
            </param>
          </params>
          <reporter-output>
          </reporter-output>
        </test-method> <!-- runScenario -->
        <test-method is-config="true" signature="tearDownClass()[pri:0, instance:TestRunners.CheckFlightDateTest@48f2bd5b]" started-at="2024-03-08T19:46:56 IST" name="tearDownClass" finished-at="2024-03-08T19:46:56 IST" duration-ms="34" status="PASS">
          <reporter-output>
          </reporter-output>
        </test-method> <!-- tearDownClass -->
      </class> <!-- TestRunners.CheckFlightDateTest -->
    </test> <!-- Select Flight Date -->
    <test started-at="2024-03-08T19:46:56 IST" name="Check Login Test" finished-at="2024-03-08T19:47:13 IST" duration-ms="16614">
      <class name="TestRunners.CheckLogin">
        <test-method is-config="true" signature="setUpClass(org.testng.ITestContext)[pri:0, instance:TestRunners.CheckLogin@3b69e7d1]" started-at="2024-03-08T19:46:56 IST" name="setUpClass" finished-at="2024-03-08T19:46:56 IST" duration-ms="20" status="PASS">
          <params>
            <param index="0">
              <value>
                <![CDATA[org.testng.TestRunner@176f7f3b]]>
              </value>
            </param>
          </params>
          <reporter-output>
          </reporter-output>
        </test-method> <!-- setUpClass -->
        <test-method signature="runScenario(io.cucumber.testng.PickleWrapper,io.cucumber.testng.FeatureWrapper)[pri:0, instance:TestRunners.CheckLogin@3b69e7d1]" started-at="2024-03-08T19:46:56 IST" name="runScenario" description="Runs Cucumber Scenarios" data-provider="scenarios" finished-at="2024-03-08T19:47:13 IST" duration-ms="16566" status="PASS">
          <params>
            <param index="0">
              <value>
                <![CDATA["Check Login With Valid Credentials"]]>
              </value>
            </param>
            <param index="1">
              <value>
                <![CDATA["Login Function Test"]]>
              </value>
            </param>
          </params>
          <reporter-output>
          </reporter-output>
        </test-method> <!-- runScenario -->
        <test-method is-config="true" signature="tearDownClass()[pri:0, instance:TestRunners.CheckLogin@3b69e7d1]" started-at="2024-03-08T19:47:13 IST" name="tearDownClass" finished-at="2024-03-08T19:47:13 IST" duration-ms="24" status="PASS">
          <reporter-output>
          </reporter-output>
        </test-method> <!-- tearDownClass -->
      </class> <!-- TestRunners.CheckLogin -->
    </test> <!-- Check Login Test -->
    <test started-at="2024-03-08T19:47:13 IST" name="Search flights Test" finished-at="2024-03-08T19:47:24 IST" duration-ms="10989">
      <class name="TestRunners.SearchFlightsTest">
        <test-method is-config="true" signature="setUpClass(org.testng.ITestContext)[pri:0, instance:TestRunners.SearchFlightsTest@1573f9fc]" started-at="2024-03-08T19:47:13 IST" name="setUpClass" finished-at="2024-03-08T19:47:13 IST" duration-ms="15" status="PASS">
          <params>
            <param index="0">
              <value>
                <![CDATA[org.testng.TestRunner@30ca0779]]>
              </value>
            </param>
          </params>
          <reporter-output>
          </reporter-output>
        </test-method> <!-- setUpClass -->
        <test-method signature="runScenario(io.cucumber.testng.PickleWrapper,io.cucumber.testng.FeatureWrapper)[pri:0, instance:TestRunners.SearchFlightsTest@1573f9fc]" started-at="2024-03-08T19:47:13 IST" name="runScenario" description="Runs Cucumber Scenarios" data-provider="scenarios" finished-at="2024-03-08T19:47:24 IST" duration-ms="10950" status="PASS">
          <params>
            <param index="0">
              <value>
                <![CDATA["Search Flights button TestCase"]]>
              </value>
            </param>
            <param index="1">
              <value>
                <![CDATA["Search Flights"]]>
              </value>
            </param>
          </params>
          <reporter-output>
          </reporter-output>
        </test-method> <!-- runScenario -->
        <test-method is-config="true" signature="tearDownClass()[pri:0, instance:TestRunners.SearchFlightsTest@1573f9fc]" started-at="2024-03-08T19:47:24 IST" name="tearDownClass" finished-at="2024-03-08T19:47:24 IST" duration-ms="20" status="PASS">
          <reporter-output>
          </reporter-output>
        </test-method> <!-- tearDownClass -->
      </class> <!-- TestRunners.SearchFlightsTest -->
    </test> <!-- Search flights Test -->
    <test started-at="2024-03-08T19:47:24 IST" name="Select flight route Test" finished-at="2024-03-08T19:47:43 IST" duration-ms="19284">
      <class name="TestRunners.SelectFlightRoute">
        <test-method is-config="true" signature="setUpClass(org.testng.ITestContext)[pri:0, instance:TestRunners.SelectFlightRoute@6a78afa0]" started-at="2024-03-08T19:47:24 IST" name="setUpClass" finished-at="2024-03-08T19:47:24 IST" duration-ms="20" status="PASS">
          <params>
            <param index="0">
              <value>
                <![CDATA[org.testng.TestRunner@58740366]]>
              </value>
            </param>
          </params>
          <reporter-output>
          </reporter-output>
        </test-method> <!-- setUpClass -->
        <test-method signature="runScenario(io.cucumber.testng.PickleWrapper,io.cucumber.testng.FeatureWrapper)[pri:0, instance:TestRunners.SelectFlightRoute@6a78afa0]" started-at="2024-03-08T19:47:24 IST" name="runScenario" description="Runs Cucumber Scenarios" data-provider="scenarios" finished-at="2024-03-08T19:47:43 IST" duration-ms="19244" status="PASS">
          <params>
            <param index="0">
              <value>
                <![CDATA["Check Selecting A Flgiht Route"]]>
              </value>
            </param>
            <param index="1">
              <value>
                <![CDATA["Select Flight route"]]>
              </value>
            </param>
          </params>
          <reporter-output>
          </reporter-output>
        </test-method> <!-- runScenario -->
        <test-method is-config="true" signature="tearDownClass()[pri:0, instance:TestRunners.SelectFlightRoute@6a78afa0]" started-at="2024-03-08T19:47:43 IST" name="tearDownClass" finished-at="2024-03-08T19:47:43 IST" duration-ms="16" status="PASS">
          <reporter-output>
          </reporter-output>
        </test-method> <!-- tearDownClass -->
      </class> <!-- TestRunners.SelectFlightRoute -->
    </test> <!-- Select flight route Test -->
  </suite> <!-- Flight Reservation Test Suite -->
</testng-results>
