<?xml version="1.0" encoding="UTF-8"?>
<!-- Generated by org.testng.reporters.JUnitXMLReporter -->
<testsuite ignored="0" hostname="DESKTOP-OKRRNLE" failures="0" tests="2" name="Add Employee Test Case" time="15.278" errors="0" timestamp="2024-03-03T11:25:47 IST">
  <testcase classname="AutomationTestScripts.AddEmployeeTestcase" name="addEmployee" time="10.194"/>
  <testcase classname="AutomationTestScripts.AddEmployeeTestcase" name="searchEmp" time="3.506"/>
</testsuite> <!-- Add Employee Test Case -->
