<?xml version="1.0" encoding="UTF-8"?>
<!-- Generated by org.testng.reporters.JUnitXMLReporter -->
<testsuite ignored="0" hostname="DESKTOP-OKRRNLE" failures="0" tests="3" name="Add Employee Test Case" time="22.475" errors="0" timestamp="2024-03-03T19:33:07 IST">
  <testcase classname="AutomationTestScripts.AddEmployeeTestcase" name="addEmployee" time="9.863"/>
  <testcase classname="AutomationTestScripts.AddEmployeeTestcase" name="searchEmp" time="3.493"/>
  <testcase classname="AutomationTestScripts.AddEmployeeTestcase" name="addUser" time="7.654"/>
</testsuite> <!-- Add Employee Test Case -->
