<?xml version="1.0" encoding="UTF-8"?>
<!-- Generated by org.testng.reporters.JUnitXMLReporter -->
<testsuite ignored="0" hostname="DESKTOP-OKRRNLE" failures="0" tests="1" name="Check Login with Invalid Inputs" time="0.024" errors="0" timestamp="2024-03-02T19:35:17 IST">
  <testcase classname="AutomationTestScripts.CheckLoginwithInvalidInput" name="checkloginwithinvalidinput" time="0.0">
    <skipped/>
  </testcase> <!-- checkloginwithinvalidinput -->
</testsuite> <!-- Check Login with Invalid Inputs -->
